<?xml version="1.0" encoding="UTF-8" standalone="no"?><testsuite errors="0" failures="0" hostname="MacBook-Pro-de-Nicolas.local" name="default.ant-target" tests="1" time="0.315000"><properties><property name="java.vendor" value="Oracle Corporation"/><property name="org.eclipse.debug.ui.breakpoints.toggleFactoriesUsed" value="false"/><property name="osgi.bundles.defaultStartLevel" value="4"/><property name="org.osgi.supports.framework.extension" value="true"/><property name="sun.management.compiler" value="HotSpot 64-Bit Tiered Compilers"/><property name="eclipse.p2.profile" value="epp.package.modeling"/><property name="os.name" value="Mac OS X"/><property name="sun.boot.class.path" value="/Library/Java/JavaVirtualMachines/jdk1.8.0_101.jdk/Contents/Home/jre/lib/resources.jar:/Library/Java/JavaVirtualMachines/jdk1.8.0_101.jdk/Contents/Home/jre/lib/rt.jar:/Library/Java/JavaVirtualMachines/jdk1.8.0_101.jdk/Contents/Home/jre/lib/sunrsasign.jar:/Library/Java/JavaVirtualMachines/jdk1.8.0_101.jdk/Contents/Home/jre/lib/jsse.jar:/Library/Java/JavaVirtualMachines/jdk1.8.0_101.jdk/Contents/Home/jre/lib/jce.jar:/Library/Java/JavaVirtualMachines/jdk1.8.0_101.jdk/Contents/Home/jre/lib/charsets.jar:/Library/Java/JavaVirtualMachines/jdk1.8.0_101.jdk/Contents/Home/jre/lib/jfr.jar:/Library/Java/JavaVirtualMachines/jdk1.8.0_101.jdk/Contents/Home/jre/classes"/><property name="user.country.format" value="CO"/><property name="osgi.ws" value="cocoa"/><property name="java.vm.specification.vendor" value="Oracle Corporation"/><property name="ant.home" value="/Applications/Eclipse Epsilon.app/Contents/Eclipse/plugins/org.apache.ant_1.9.6.v201510161327"/><property name="java.runtime.version" value="1.8.0_101-b13"/><property name="osgi.instance.area" value="file:/Users/nicolas/Documents/workspaces/workspace-epsilon/"/><property name="org.osgi.framework.uuid" value="a0f41272-7fab-0016-1be8-ee185e9dfc2c"/><property name="user.name" value="nicolas"/><property name="osgi.framework.extensions" value="reference:file:org.eclipse.osgi.compatibility.state_1.0.100.v20150402-1551.jar"/><property name="org.osgi.framework.system.packages" value="javax.accessibility,javax.activation,javax.activity,javax.annotation,javax.annotation.processing,javax.crypto,javax.crypto.interfaces,javax.crypto.spec,javax.imageio,javax.imageio.event,javax.imageio.metadata,javax.imageio.plugins.bmp,javax.imageio.plugins.jpeg,javax.imageio.spi,javax.imageio.stream,javax.jws,javax.jws.soap,javax.lang.model,javax.lang.model.element,javax.lang.model.type,javax.lang.model.util,javax.management,javax.management.loading,javax.management.modelmbean,javax.management.monitor,javax.management.openmbean,javax.management.relation,javax.management.remote,javax.management.remote.rmi,javax.management.timer,javax.naming,javax.naming.directory,javax.naming.event,javax.naming.ldap,javax.naming.spi,javax.net,javax.net.ssl,javax.print,javax.print.attribute,javax.print.attribute.standard,javax.print.event,javax.rmi,javax.rmi.CORBA,javax.rmi.ssl,javax.script,javax.security.auth,javax.security.auth.callback,javax.security.auth.kerberos,javax.security.auth.login,javax.security.auth.spi,javax.security.auth.x500,javax.security.cert,javax.security.sasl,javax.sound.midi,javax.sound.midi.spi,javax.sound.sampled,javax.sound.sampled.spi,javax.sql,javax.sql.rowset,javax.sql.rowset.serial,javax.sql.rowset.spi,javax.swing,javax.swing.border,javax.swing.colorchooser,javax.swing.event,javax.swing.filechooser,javax.swing.plaf,javax.swing.plaf.basic,javax.swing.plaf.metal,javax.swing.plaf.multi,javax.swing.plaf.nimbus,javax.swing.plaf.synth,javax.swing.table,javax.swing.text,javax.swing.text.html,javax.swing.text.html.parser,javax.swing.text.rtf,javax.swing.tree,javax.swing.undo,javax.tools,javax.transaction,javax.transaction.xa,javax.xml,javax.xml.bind,javax.xml.bind.annotation,javax.xml.bind.annotation.adapters,javax.xml.bind.attachment,javax.xml.bind.helpers,javax.xml.bind.util,javax.xml.crypto,javax.xml.crypto.dom,javax.xml.crypto.dsig,javax.xml.crypto.dsig.dom,javax.xml.crypto.dsig.keyinfo,javax.xml.crypto.dsig.spec,javax.xml.datatype,javax.xml.namespace,javax.xml.parsers,javax.xml.soap,javax.xml.stream,javax.xml.stream.events,javax.xml.stream.util,javax.xml.transform,javax.xml.transform.dom,javax.xml.transform.sax,javax.xml.transform.stax,javax.xml.transform.stream,javax.xml.validation,javax.xml.ws,javax.xml.ws.handler,javax.xml.ws.handler.soap,javax.xml.ws.http,javax.xml.ws.soap,javax.xml.ws.spi,javax.xml.ws.spi.http,javax.xml.ws.wsaddressing,javax.xml.xpath,org.ietf.jgss,org.omg.CORBA,org.omg.CORBA_2_3,org.omg.CORBA_2_3.portable,org.omg.CORBA.DynAnyPackage,org.omg.CORBA.ORBPackage,org.omg.CORBA.portable,org.omg.CORBA.TypeCodePackage,org.omg.CosNaming,org.omg.CosNaming.NamingContextExtPackage,org.omg.CosNaming.NamingContextPackage,org.omg.Dynamic,org.omg.DynamicAny,org.omg.DynamicAny.DynAnyFactoryPackage,org.omg.DynamicAny.DynAnyPackage,org.omg.IOP,org.omg.IOP.CodecFactoryPackage,org.omg.IOP.CodecPackage,org.omg.Messaging,org.omg.PortableInterceptor,org.omg.PortableInterceptor.ORBInitInfoPackage,org.omg.PortableServer,org.omg.PortableServer.CurrentPackage,org.omg.PortableServer.POAManagerPackage,org.omg.PortableServer.POAPackage,org.omg.PortableServer.portable,org.omg.PortableServer.ServantLocatorPackage,org.omg.SendingContext,org.omg.stub.java.rmi,org.w3c.dom,org.w3c.dom.bootstrap,org.w3c.dom.css,org.w3c.dom.events,org.w3c.dom.html,org.w3c.dom.ls,org.w3c.dom.ranges,org.w3c.dom.stylesheets,org.w3c.dom.traversal,org.w3c.dom.views,org.w3c.dom.xpath,org.xml.sax,org.xml.sax.ext,org.xml.sax.helpers"/><property name="eclipse.launcher" value="/Applications/Eclipse Epsilon.app/Contents/MacOS/eclipse"/><property name="org.eclipse.update.resolution_url" value=""/><property name="eclipse.launcher.name" value="Eclipse"/><property name="org.osgi.framework.language" value="es"/><property name="osgi.frameworkClassPath" value="., file:/Applications/Eclipse Epsilon.app/Contents/Eclipse/plugins/org.eclipse.osgi.compatibility.state_1.0.100.v20150402-1551.jar"/><property name="equinox.use.ds" value="true"/><property name="user.language" value="es"/><property name="org.osgi.framework.processor" value="x86-64"/><property name="osgi.syspath" value="/Applications/Eclipse Epsilon.app/Contents/Eclipse/plugins"/><property name="sun.boot.library.path" value="/Library/Java/JavaVirtualMachines/jdk1.8.0_101.jdk/Contents/Home/jre/lib"/><property name="org.osgi.framework.system.capabilities" value="osgi.ee; osgi.ee=&quot;OSGi/Minimum&quot;; version:List&lt;Version&gt;=&quot;1.0, 1.1, 1.2&quot;,osgi.ee; osgi.ee=&quot;JRE&quot;; version:List&lt;Version&gt;=&quot;1.0, 1.1&quot;,osgi.ee; osgi.ee=&quot;JavaSE&quot;; version:List&lt;Version&gt;=&quot;1.0, 1.1, 1.2, 1.3, 1.4, 1.5, 1.6, 1.7, 1.8&quot;,osgi.ee; osgi.ee=&quot;JavaSE/compact1&quot;; version:List&lt;Version&gt;=&quot;1.8&quot;,osgi.ee; osgi.ee=&quot;JavaSE/compact2&quot;; version:List&lt;Version&gt;=&quot;1.8&quot;,osgi.ee; osgi.ee=&quot;JavaSE/compact3&quot;; version:List&lt;Version&gt;=&quot;1.8&quot;"/><property name="osgi.compatibility.bootdelegation" value="true"/><property name="java.version" value="1.8.0_101"/><property name="org.osgi.framework.os.name" value="MacOSX"/><property name="user.timezone" value="America/Bogota"/><property name="sun.arch.data.model" value="64"/><property name="osgi.bundles" value="reference:file:org.eclipse.osgi.compatibility.state_1.0.100.v20150402-1551.jar,reference:file:org.eclipse.equinox.simpleconfigurator_1.1.100.v20150423-1455.jar@1:start"/><property name="java.endorsed.dirs" value="/Library/Java/JavaVirtualMachines/jdk1.8.0_101.jdk/Contents/Home/jre/lib/endorsed"/><property name="osgi.tracefile" value="/Users/nicolas/Documents/workspaces/workspace-epsilon/.metadata/trace.log"/><property name="eclipse.application" value="org.eclipse.ui.ide.workbench"/><property name="sun.cpu.isalist" value=""/><property name="sun.jnu.encoding" value="UTF-8"/><property name="file.encoding.pkg" value="sun.io"/><property name="org.osgi.framework.vendor" value="Eclipse"/><property name="file.separator" value="/"/><property name="java.specification.name" value="Java Platform API Specification"/><property name="java.class.version" value="52.0"/><property name="user.country" value="ES"/><property name="org.eclipse.equinox.launcher.splash.location" value="/Applications/Eclipse Epsilon.app/Contents/Eclipse/plugins/org.eclipse.platform_4.5.2.v20160212-1500/splash.bmp"/><property name="java.home" value="/Library/Java/JavaVirtualMachines/jdk1.8.0_101.jdk/Contents/Home/jre"/><property name="osgi.os" value="macosx"/><property name="eclipse.commands" value="-os&#10;macosx&#10;-ws&#10;cocoa&#10;-arch&#10;x86_64&#10;-showsplash&#10;-launcher&#10;/Applications/Eclipse Epsilon.app/Contents/MacOS/eclipse&#10;-name&#10;Eclipse&#10;--launcher.library&#10;/Applications/Eclipse Epsilon.app/Contents/MacOS//../Eclipse/plugins/org.eclipse.equinox.launcher.cocoa.macosx.x86_64_1.1.300.v20150602-1417/eclipse_1611.so&#10;-startup&#10;/Applications/Eclipse Epsilon.app/Contents/MacOS//../Eclipse/plugins/org.eclipse.equinox.launcher_1.3.100.v20150511-1540.jar&#10;--launcher.appendVmargs&#10;-product&#10;org.eclipse.epp.package.modeling.product&#10;-keyring&#10;/Users/nicolas/.eclipse_keyring&#10;-showlocation&#10;-vm&#10;/Library/Java/JavaVirtualMachines/jdk1.8.0_101.jdk/Contents/Home/bin/../jre/lib/server/libjvm.dylib&#10;"/><property name="java.vm.info" value="mixed mode"/><property name="osgi.splashLocation" value="/Applications/Eclipse Epsilon.app/Contents/Eclipse/plugins/org.eclipse.platform_4.5.2.v20160212-1500/splash.bmp"/><property name="os.version" value="10.12.1"/><property name="osgi.arch" value="x86_64"/><property name="path.separator" value=":"/><property name="java.vm.version" value="25.101-b13"/><property name="org.osgi.supports.framework.fragment" value="true"/><property name="ant.library.dir" value="/Applications/Eclipse Epsilon.app/Contents/Eclipse/plugins/org.apache.ant_1.9.6.v201510161327/lib"/><property name="osgi.framework.shape" value="jar"/><property name="osgi.instance.area.default" value="file:/Users/nicolas/Documents/workspace/"/><property name="java.awt.printerjob" value="sun.lwawt.macosx.CPrinterJob"/><property name="sun.io.unicode.encoding" value="UnicodeBig"/><property name="org.osgi.framework.version" value="1.8.0"/><property name="awt.toolkit" value="sun.lwawt.macosx.LWCToolkit"/><property name="socksNonProxyHosts" value="local|*.local|169.254/16|*.169.254/16"/><property name="ftp.nonProxyHosts" value="local|*.local|169.254/16|*.169.254/16"/><property name="eclipse.stateSaveDelayInterval" value="30000"/><property name="osgi.install.area" value="file:/Applications/Eclipse Epsilon.app/Contents/Eclipse/"/><property name="osgi.framework" value="file:/Applications/Eclipse Epsilon.app/Contents/Eclipse/plugins/org.eclipse.osgi_3.10.102.v20160118-1700.jar"/><property name="user.home" value="/Users/nicolas"/><property name="org.eclipse.equinox.simpleconfigurator.configUrl" value="file:org.eclipse.equinox.simpleconfigurator/bundles.info"/><property name="osgi.framework.useSystemProperties" value="true"/><property name="osgi.splashPath" value="platform:/base/plugins/org.eclipse.platform"/><property name="osgi.nl" value="es_ES"/><property name="java.specification.vendor" value="Oracle Corporation"/><property name="java.library.path" value="/Users/nicolas/Library/Java/Extensions:/Library/Java/Extensions:/Network/Library/Java/Extensions:/System/Library/Java/Extensions:/usr/lib/java:."/><property name="java.vendor.url" value="http://java.oracle.com/"/><property name="org.osgi.framework.os.version" value="10.12.1"/><property name="eclipse.p2.data.area" value="@config.dir/../p2/"/><property name="eclipse.startTime" value="1479247448709"/><property name="java.vm.vendor" value="Oracle Corporation"/><property name="gopherProxySet" value="false"/><property name="java.runtime.name" value="Java(TM) SE Runtime Environment"/><property name="java.class.path" value="/Applications/Eclipse Epsilon.app/Contents/MacOS//../Eclipse/plugins/org.eclipse.equinox.launcher_1.3.100.v20150511-1540.jar"/><property name="osgi.requiredJavaVersion" value="1.7"/><property name="org.eclipse.update.reconcile" value="false"/><property name="eclipse.vm" value="/Library/Java/JavaVirtualMachines/jdk1.8.0_101.jdk/Contents/Home/bin/../jre/lib/server/libjvm.dylib"/><property name="java.vm.specification.name" value="Java Virtual Machine Specification"/><property name="java.vm.specification.version" value="1.8"/><property name="sun.cpu.endian" value="little"/><property name="org.eclipse.swt.internal.carbon.smallFonts" value=""/><property name="sun.os.patch.level" value="unknown"/><property name="gosh.args" value="--nointeractive"/><property name="java.io.tmpdir" value="/var/folders/5v/08s8r09j0230m3njnx6rhwt40000gn/T/"/><property name="applicationXMI" value="org.eclipse.ui.workbench/LegacyIDE.e4xmi"/><property name="java.vendor.url.bug" value="http://bugreport.sun.com/bugreport/"/><property name="eclipse.product" value="org.eclipse.epp.package.modeling.product"/><property name="eclipse.home.location" value="file:/Applications/Eclipse Epsilon.app/Contents/Eclipse/"/><property name="os.arch" value="x86_64"/><property name="java.awt.graphicsenv" value="sun.awt.CGraphicsEnvironment"/><property name="java.ext.dirs" value="/Users/nicolas/Library/Java/Extensions:/Library/Java/JavaVirtualMachines/jdk1.8.0_101.jdk/Contents/Home/jre/lib/ext:/Library/Java/Extensions:/Network/Library/Java/Extensions:/System/Library/Java/Extensions:/usr/lib/java"/><property name="user.dir" value="/Applications/Eclipse Epsilon.app/Contents/MacOS"/><property name="org.osgi.supports.framework.requirebundle" value="true"/><property name="line.separator" value="&#10;"/><property name="java.vm.name" value="Java HotSpot(TM) 64-Bit Server VM"/><property name="org.apache.commons.logging.Log" value="org.apache.commons.logging.impl.NoOpLog"/><property name="file.encoding" value="UTF-8"/><property name="eclipse.buildId" value="4.5.2.M20160212-1500"/><property name="eclipse.vmargs" value="-Dosgi.requiredJavaVersion=1.7&#10;-XstartOnFirstThread&#10;-Dorg.eclipse.swt.internal.carbon.smallFonts&#10;-XX:MaxPermSize=256m&#10;-Xms256m&#10;-Xmx1024m&#10;-Xdock:icon=../Resources/Eclipse.icns&#10;-XstartOnFirstThread&#10;-Dorg.eclipse.swt.internal.carbon.smallFonts&#10;-Djava.class.path=/Applications/Eclipse Epsilon.app/Contents/MacOS//../Eclipse/plugins/org.eclipse.equinox.launcher_1.3.100.v20150511-1540.jar&#10;"/><property name="java.specification.version" value="1.8"/><property name="org.osgi.framework.executionenvironment" value="OSGi/Minimum-1.0,OSGi/Minimum-1.1,OSGi/Minimum-1.2,JavaSE/compact1-1.8,JavaSE/compact2-1.8,JavaSE/compact3-1.8,JRE-1.1,J2SE-1.2,J2SE-1.3,J2SE-1.4,J2SE-1.5,JavaSE-1.6,JavaSE-1.7,JavaSE-1.8"/><property name="osgi.logfile" value="/Users/nicolas/Documents/workspaces/workspace-epsilon/.metadata/.log"/><property name="osgi.configuration.area" value="file:/Applications/Eclipse Epsilon.app/Contents/Eclipse/configuration/"/></properties><testcase classname="default.ant-target" name="transformationWorksAsExpected" time="0.0950000"/><system-out>Test transformationWorksAsExpected {} passed [cpu: 78 ms, wallclock: 95 ms]
Test root {} passed [cpu: 81 ms, wallclock: 315 ms]
</system-out><system-err/></testsuite>